-------------------------------------------------------------------------------
Test set: Test.TestHomePage
-------------------------------------------------------------------------------
Tests run: 3, Failures: 2, Errors: 0, Skipped: 0, Time elapsed: 244.594 s <<< FAILURE! - in Test.TestHomePage
testPopUp(Test.TestHomePage)  Time elapsed: 0.188 s  <<< FAILURE!
java.lang.NullPointerException
	at Test.TestHomePage.testPopUp(TestHomePage.java:27)

testStartQuote(Test.TestHomePage)  Time elapsed: 0.001 s  <<< FAILURE!
java.lang.NullPointerException
	at Test.TestHomePage.testStartQuote(TestHomePage.java:22)

