<?xml version="1.0" encoding="UTF-8"?>
<!-- Generated by org.testng.reporters.JUnitXMLReporter -->
<testsuite hostname="Muhtasims-MBP.fios-router.home" ignored="0" name="Instagram Home Page" tests="18" failures="0" timestamp="14 Apr 2019 01:57:09 GMT" time="51.983" errors="0">
  <testcase name="ClickAPI" time="0.344" classname="tests.InstaTester"/>
  <testcase name="ClickAboutUs" time="0.291" classname="tests.InstaTester"/>
  <testcase name="ClickDirectory" time="0.456" classname="tests.InstaTester"/>
  <testcase name="ClickHashtags" time="0.416" classname="tests.InstaTester"/>
  <testcase name="ClickJobs" time="0.762" classname="tests.InstaTester"/>
  <testcase name="ClickLanguage" time="0.317" classname="tests.InstaTester"/>
  <testcase name="ClickLogIn" time="0.108" classname="tests.InstaTester"/>
  <testcase name="ClickPress" time="0.602" classname="tests.InstaTester"/>
  <testcase name="ClickPrivacy" time="1.606" classname="tests.InstaTester"/>
  <testcase name="ClickProfiles" time="0.439" classname="tests.InstaTester"/>
  <testcase name="ClickSignUp" time="0.096" classname="tests.InstaTester"/>
  <testcase name="ClickSupport" time="2.051" classname="tests.InstaTester"/>
  <testcase name="ClickTerms" time="7.125" classname="tests.InstaTester"/>
  <testcase name="EnterEmailOrPhone" time="0.167" classname="tests.InstaTester"/>
  <testcase name="EnterFullName" time="0.142" classname="tests.InstaTester"/>
  <testcase name="EnterPassword" time="0.107" classname="tests.InstaTester"/>
  <testcase name="EnterUsername" time="0.122" classname="tests.InstaTester"/>
  <testcase name="VerifyTitle" time="0.005" classname="tests.InstaTester"/>
</testsuite> <!-- Instagram Home Page -->
