<?xml version="1.0" encoding="UTF-8"?>
<testsuite xmlns:xsi="http://www.w3.org/2001/XMLSchema-instance" xsi:noNamespaceSchemaLocation="https://maven.apache.org/surefire/maven-surefire-plugin/xsd/surefire-test-report-3.0.xsd" version="3.0" name="TestSuite" time="10.288" tests="3" errors="0" skipped="2" failures="1">
  <properties>
[...]
</properties>
  <testcase name="setUp" classname="tests.InstaTester" time="0.179">
    <failure message="&#10;Can inject only one of &lt;ITestContext, XmlTest, Method, Object[], ITestResult&gt; into a @BeforeMethod annotated setUp.&#10;For more information on native dependency injection please refer to http://testng.org/doc/documentation-main.html#native-dependency-injection" type="org.testng.TestNGException"><![CDATA[org.testng.TestNGException: 

Can inject only one of <ITestContext, XmlTest, Method, Object[], ITestResult> into a @BeforeMethod annotated setUp.
For more information on native dependency injection please refer to http://testng.org/doc/documentation-main.html#native-dependency-injection
]]></failure>
  </testcase>
  <testcase name="title" classname="tests.InstaTester" time="0">
    <skipped message="&#10;Can inject only one of &lt;ITestContext, XmlTest, Method, Object[], ITestResult&gt; into a @BeforeMethod annotated setUp.&#10;For more information on native dependency injection please refer to http://testng.org/doc/documentation-main.html#native-dependency-injection"/>
  </testcase>
  <testcase name="cleanUp" classname="tests.InstaTester" time="0">
    <skipped/>
  </testcase>
</testsuite>