<?xml version="1.0" encoding="UTF-8"?>
<testsuite xmlns:xsi="http://www.w3.org/2001/XMLSchema-instance" xsi:noNamespaceSchemaLocation="https://maven.apache.org/surefire/maven-surefire-plugin/xsd/surefire-test-report-3.0.xsd" version="3.0" name="TestSuite" time="52.423" tests="18" errors="0" skipped="0" failures="0">
  <properties>
[...]
</properties>
  <testcase name="ClickAPI" classname="tests.InstaTester" time="0.345"/>
  <testcase name="ClickAboutUs" classname="tests.InstaTester" time="0.291"/>
  <testcase name="ClickDirectory" classname="tests.InstaTester" time="0.457"/>
  <testcase name="ClickHashtags" classname="tests.InstaTester" time="0.416"/>
  <testcase name="ClickJobs" classname="tests.InstaTester" time="0.763"/>
  <testcase name="ClickLanguage" classname="tests.InstaTester" time="0.317"/>
  <testcase name="ClickLogIn" classname="tests.InstaTester" time="0.108"/>
  <testcase name="ClickPress" classname="tests.InstaTester" time="0.602"/>
  <testcase name="ClickPrivacy" classname="tests.InstaTester" time="1.606"/>
  <testcase name="ClickProfiles" classname="tests.InstaTester" time="0.438"/>
  <testcase name="ClickSignUp" classname="tests.InstaTester" time="0.096"/>
  <testcase name="ClickSupport" classname="tests.InstaTester" time="2.051"/>
  <testcase name="ClickTerms" classname="tests.InstaTester" time="7.125"/>
  <testcase name="EnterEmailOrPhone" classname="tests.InstaTester" time="0.167"/>
  <testcase name="EnterFullName" classname="tests.InstaTester" time="0.142"/>
  <testcase name="EnterPassword" classname="tests.InstaTester" time="0.108"/>
  <testcase name="EnterUsername" classname="tests.InstaTester" time="0.122"/>
  <testcase name="VerifyTitle" classname="tests.InstaTester" time="0.005"/>
</testsuite>