<?xml version="1.0" encoding="UTF-8"?>
<testng-results skipped="0" failed="0" ignored="6" total="26" passed="20">
  <reporter-output>
    <line>
      <![CDATA[Extent Report Directory/Users/muhtasimmahir/IdeaProjects/Group4ProjectWebAutomation/Youtube/target/surefire-reports/html]]>
    </line>
    <line>
      <![CDATA[Browser is launching]]>
    </line>
    <line>
      <![CDATA[SearchUsingDbTester: search]]>
    </line>
    <line>
      <![CDATA[SearchUsingDb: search Items And Submit Button]]>
    </line>
    <line>
      <![CDATA[DbSearch: get User Datafrom DB]]>
    </line>
    <line>
      <![CDATA[SearchUsingDb: search For Music]]>
    </line>
    <line>
      <![CDATA[SearchUsingDb: get Search Input Web Element]]>
    </line>
    <line>
      <![CDATA[SearchUsingDb: submit Search Button]]>
    </line>
    <line>
      <![CDATA[SearchUsingDb: get Submit Button Web Element]]>
    </line>
    <line>
      <![CDATA[SearchUsingDb: item Found On Search Music]]>
    </line>
    <line>
      <![CDATA[SearchUsingDb: clear Input]]>
    </line>
    <line>
      <![CDATA[SearchUsingDb: get Search Input Web Element]]>
    </line>
    <line>
      <![CDATA[SearchUsingDb: search For FIFA]]>
    </line>
    <line>
      <![CDATA[SearchUsingDb: get Search Input Web Element]]>
    </line>
    <line>
      <![CDATA[SearchUsingDb: submit Search Button]]>
    </line>
    <line>
      <![CDATA[SearchUsingDb: get Submit Button Web Element]]>
    </line>
    <line>
      <![CDATA[SearchUsingDb: item Found On Search FIFA]]>
    </line>
    <line>
      <![CDATA[SearchUsingDb: clear Input]]>
    </line>
    <line>
      <![CDATA[SearchUsingDb: get Search Input Web Element]]>
    </line>
    <line>
      <![CDATA[SearchUsingDb: search For Java tutorials]]>
    </line>
    <line>
      <![CDATA[SearchUsingDb: get Search Input Web Element]]>
    </line>
    <line>
      <![CDATA[SearchUsingDb: submit Search Button]]>
    </line>
    <line>
      <![CDATA[SearchUsingDb: get Submit Button Web Element]]>
    </line>
    <line>
      <![CDATA[SearchUsingDb: item Found On Search Java tutorials]]>
    </line>
    <line>
      <![CDATA[SearchUsingDb: clear Input]]>
    </line>
    <line>
      <![CDATA[SearchUsingDb: get Search Input Web Element]]>
    </line>
    <line>
      <![CDATA[SearchUsingDb: search For How to make test case in selenium]]>
    </line>
    <line>
      <![CDATA[SearchUsingDb: get Search Input Web Element]]>
    </line>
    <line>
      <![CDATA[SearchUsingDb: submit Search Button]]>
    </line>
    <line>
      <![CDATA[SearchUsingDb: get Submit Button Web Element]]>
    </line>
    <line>
      <![CDATA[SearchUsingDb: item Found On Search How to make test case in selenium]]>
    </line>
    <line>
      <![CDATA[SearchUsingDb: clear Input]]>
    </line>
    <line>
      <![CDATA[SearchUsingDb: get Search Input Web Element]]>
    </line>
    <line>
      <![CDATA[SearchUsingDb: search For Cooking tutorial]]>
    </line>
    <line>
      <![CDATA[SearchUsingDb: get Search Input Web Element]]>
    </line>
    <line>
      <![CDATA[SearchUsingDb: submit Search Button]]>
    </line>
    <line>
      <![CDATA[SearchUsingDb: get Submit Button Web Element]]>
    </line>
    <line>
      <![CDATA[SearchUsingDb: item Found On Search Cooking tutorial]]>
    </line>
    <line>
      <![CDATA[SearchUsingDb: clear Input]]>
    </line>
    <line>
      <![CDATA[SearchUsingDb: get Search Input Web Element]]>
    </line>
    <line>
      <![CDATA[SearchUsingDb: search For Help with math]]>
    </line>
    <line>
      <![CDATA[SearchUsingDb: get Search Input Web Element]]>
    </line>
    <line>
      <![CDATA[SearchUsingDb: submit Search Button]]>
    </line>
    <line>
      <![CDATA[SearchUsingDb: get Submit Button Web Element]]>
    </line>
    <line>
      <![CDATA[SearchUsingDb: item Found On Search Help with math]]>
    </line>
    <line>
      <![CDATA[SearchUsingDb: clear Input]]>
    </line>
    <line>
      <![CDATA[SearchUsingDb: get Search Input Web Element]]>
    </line>
    <line>
      <![CDATA[Browser is launching]]>
    </line>
    <line>
      <![CDATA[ExcelSearchTester: search]]>
    </line>
    <line>
      <![CDATA[SearchWithExcel: expected Web Element]]>
    </line>
    <line>
      <![CDATA[SearchUsingDb: search For Soccer]]>
    </line>
    <line>
      <![CDATA[SearchUsingDb: get Search Input Web Element]]>
    </line>
    <line>
      <![CDATA[SearchUsingDb: submit Search Button]]>
    </line>
    <line>
      <![CDATA[SearchUsingDb: get Submit Button Web Element]]>
    </line>
    <line>
      <![CDATA[SearchUsingDb: clear Input]]>
    </line>
    <line>
      <![CDATA[SearchUsingDb: get Search Input Web Element]]>
    </line>
    <line>
      <![CDATA[SearchUsingDb: search For Ghost Stories]]>
    </line>
    <line>
      <![CDATA[SearchUsingDb: get Search Input Web Element]]>
    </line>
    <line>
      <![CDATA[SearchUsingDb: submit Search Button]]>
    </line>
    <line>
      <![CDATA[SearchUsingDb: get Submit Button Web Element]]>
    </line>
    <line>
      <![CDATA[SearchUsingDb: clear Input]]>
    </line>
    <line>
      <![CDATA[SearchUsingDb: get Search Input Web Element]]>
    </line>
    <line>
      <![CDATA[SearchUsingDb: search For Fortnite]]>
    </line>
    <line>
      <![CDATA[SearchUsingDb: get Search Input Web Element]]>
    </line>
    <line>
      <![CDATA[SearchUsingDb: submit Search Button]]>
    </line>
    <line>
      <![CDATA[SearchUsingDb: get Submit Button Web Element]]>
    </line>
    <line>
      <![CDATA[SearchUsingDb: clear Input]]>
    </line>
    <line>
      <![CDATA[SearchUsingDb: get Search Input Web Element]]>
    </line>
    <line>
      <![CDATA[SearchUsingDb: search For Fast and furious ]]>
    </line>
    <line>
      <![CDATA[SearchUsingDb: get Search Input Web Element]]>
    </line>
    <line>
      <![CDATA[SearchUsingDb: submit Search Button]]>
    </line>
    <line>
      <![CDATA[SearchUsingDb: get Submit Button Web Element]]>
    </line>
    <line>
      <![CDATA[SearchUsingDb: clear Input]]>
    </line>
    <line>
      <![CDATA[SearchUsingDb: get Search Input Web Element]]>
    </line>
    <line>
      <![CDATA[SearchUsingDb: search For How to code]]>
    </line>
    <line>
      <![CDATA[SearchUsingDb: get Search Input Web Element]]>
    </line>
    <line>
      <![CDATA[SearchUsingDb: submit Search Button]]>
    </line>
    <line>
      <![CDATA[SearchUsingDb: get Submit Button Web Element]]>
    </line>
    <line>
      <![CDATA[SearchUsingDb: clear Input]]>
    </line>
    <line>
      <![CDATA[SearchUsingDb: get Search Input Web Element]]>
    </line>
  </reporter-output>
  <suite name="Amazon Automation Script " duration-ms="79401" started-at="2019-03-31T06:51:31Z" finished-at="2019-03-31T06:52:50Z">
    <groups>
    </groups>
    <test name="Youtube Home Page" duration-ms="79401" started-at="2019-03-31T06:51:31Z" finished-at="2019-03-31T06:52:50Z">
      <class name="youtubeTests.SearchTester">
        <test-method status="PASS" signature="setUp(boolean, java.lang.String, java.lang.String, java.lang.String, java.lang.String, java.lang.String, java.lang.String)[pri:0, instance:youtubeTests.SearchTester@458ad742]" name="setUp" is-config="true" duration-ms="3154" started-at="2019-03-31T06:52:21Z" finished-at="2019-03-31T06:52:24Z">
          <params>
            <param index="0">
              <value>
                <![CDATA[false]]>
              </value>
            </param>
            <param index="1">
              <value>
                <![CDATA[browserstack]]>
              </value>
            </param>
            <param index="2">
              <value>
                <![CDATA[OS X]]>
              </value>
            </param>
            <param index="3">
              <value>
                <![CDATA[Sierra]]>
              </value>
            </param>
            <param index="4">
              <value>
                <![CDATA[chrome]]>
              </value>
            </param>
            <param index="5">
              <value>
                <![CDATA[30.0]]>
              </value>
            </param>
            <param index="6">
              <value>
                <![CDATA[https://www.youtube.com/]]>
              </value>
            </param>
          </params>
          <reporter-output>
          </reporter-output>
        </test-method> <!-- setUp -->
        <test-method status="PASS" signature="startExtent(java.lang.reflect.Method)[pri:0, instance:youtubeTests.SearchTester@458ad742]" name="startExtent" is-config="true" duration-ms="0" started-at="2019-03-31T06:52:24Z" finished-at="2019-03-31T06:52:24Z">
          <params>
            <param index="0">
              <value>
                <![CDATA[public void youtubeTests.SearchTester.enterElement()]]>
              </value>
            </param>
          </params>
          <reporter-output>
          </reporter-output>
        </test-method> <!-- startExtent -->
        <test-method status="PASS" signature="initilizeSignUpPage()[pri:0, instance:youtubeTests.SearchTester@458ad742]" name="initilizeSignUpPage" is-config="true" duration-ms="1" started-at="2019-03-31T06:52:24Z" finished-at="2019-03-31T06:52:24Z">
          <reporter-output>
          </reporter-output>
        </test-method> <!-- initilizeSignUpPage -->
        <test-method status="PASS" signature="enterElement()[pri:0, instance:youtubeTests.SearchTester@458ad742]" name="enterElement" duration-ms="273" started-at="2019-03-31T06:52:24Z" finished-at="2019-03-31T06:52:25Z">
          <reporter-output>
          </reporter-output>
        </test-method> <!-- enterElement -->
        <test-method status="PASS" signature="afterEachTestMethod(org.testng.ITestResult)[pri:0, instance:youtubeTests.SearchTester@458ad742]" name="afterEachTestMethod" is-config="true" duration-ms="112" started-at="2019-03-31T06:52:25Z" finished-at="2019-03-31T06:52:25Z">
          <params>
            <param index="0">
              <value>
                <![CDATA[[TestResult name=enterElement status=SUCCESS method=SearchTester.enterElement()[pri:0, instance:youtubeTests.SearchTester@458ad742] output={null}]]]>
              </value>
            </param>
          </params>
          <reporter-output>
          </reporter-output>
        </test-method> <!-- afterEachTestMethod -->
        <test-method status="PASS" signature="cleanUp()[pri:0, instance:youtubeTests.SearchTester@458ad742]" name="cleanUp" is-config="true" duration-ms="0" started-at="2019-03-31T06:52:25Z" finished-at="2019-03-31T06:52:25Z">
          <reporter-output>
          </reporter-output>
        </test-method> <!-- cleanUp -->
        <test-method status="PASS" signature="setUp(boolean, java.lang.String, java.lang.String, java.lang.String, java.lang.String, java.lang.String, java.lang.String)[pri:0, instance:youtubeTests.SearchTester@458ad742]" name="setUp" is-config="true" duration-ms="3088" started-at="2019-03-31T06:52:25Z" finished-at="2019-03-31T06:52:28Z">
          <params>
            <param index="0">
              <value>
                <![CDATA[false]]>
              </value>
            </param>
            <param index="1">
              <value>
                <![CDATA[browserstack]]>
              </value>
            </param>
            <param index="2">
              <value>
                <![CDATA[OS X]]>
              </value>
            </param>
            <param index="3">
              <value>
                <![CDATA[Sierra]]>
              </value>
            </param>
            <param index="4">
              <value>
                <![CDATA[chrome]]>
              </value>
            </param>
            <param index="5">
              <value>
                <![CDATA[30.0]]>
              </value>
            </param>
            <param index="6">
              <value>
                <![CDATA[https://www.youtube.com/]]>
              </value>
            </param>
          </params>
          <reporter-output>
          </reporter-output>
        </test-method> <!-- setUp -->
        <test-method status="PASS" signature="startExtent(java.lang.reflect.Method)[pri:0, instance:youtubeTests.SearchTester@458ad742]" name="startExtent" is-config="true" duration-ms="0" started-at="2019-03-31T06:52:28Z" finished-at="2019-03-31T06:52:28Z">
          <params>
            <param index="0">
              <value>
                <![CDATA[public void youtubeTests.SearchTester.enterElement2()]]>
              </value>
            </param>
          </params>
          <reporter-output>
          </reporter-output>
        </test-method> <!-- startExtent -->
        <test-method status="PASS" signature="enterElement2()[pri:0, instance:youtubeTests.SearchTester@458ad742]" name="enterElement2" duration-ms="283" started-at="2019-03-31T06:52:28Z" finished-at="2019-03-31T06:52:28Z">
          <reporter-output>
          </reporter-output>
        </test-method> <!-- enterElement2 -->
        <test-method status="PASS" signature="initilizeSignUpPage()[pri:0, instance:youtubeTests.SearchTester@458ad742]" name="initilizeSignUpPage" is-config="true" duration-ms="0" started-at="2019-03-31T06:52:28Z" finished-at="2019-03-31T06:52:28Z">
          <reporter-output>
          </reporter-output>
        </test-method> <!-- initilizeSignUpPage -->
        <test-method status="PASS" signature="afterEachTestMethod(org.testng.ITestResult)[pri:0, instance:youtubeTests.SearchTester@458ad742]" name="afterEachTestMethod" is-config="true" duration-ms="113" started-at="2019-03-31T06:52:28Z" finished-at="2019-03-31T06:52:28Z">
          <params>
            <param index="0">
              <value>
                <![CDATA[[TestResult name=enterElement2 status=SUCCESS method=SearchTester.enterElement2()[pri:0, instance:youtubeTests.SearchTester@458ad742] output={null}]]]>
              </value>
            </param>
          </params>
          <reporter-output>
          </reporter-output>
        </test-method> <!-- afterEachTestMethod -->
        <test-method status="PASS" signature="cleanUp()[pri:0, instance:youtubeTests.SearchTester@458ad742]" name="cleanUp" is-config="true" duration-ms="0" started-at="2019-03-31T06:52:28Z" finished-at="2019-03-31T06:52:28Z">
          <reporter-output>
          </reporter-output>
        </test-method> <!-- cleanUp -->
        <test-method status="PASS" signature="setUp(boolean, java.lang.String, java.lang.String, java.lang.String, java.lang.String, java.lang.String, java.lang.String)[pri:0, instance:youtubeTests.SearchTester@458ad742]" name="setUp" is-config="true" duration-ms="3210" started-at="2019-03-31T06:52:28Z" finished-at="2019-03-31T06:52:31Z">
          <params>
            <param index="0">
              <value>
                <![CDATA[false]]>
              </value>
            </param>
            <param index="1">
              <value>
                <![CDATA[browserstack]]>
              </value>
            </param>
            <param index="2">
              <value>
                <![CDATA[OS X]]>
              </value>
            </param>
            <param index="3">
              <value>
                <![CDATA[Sierra]]>
              </value>
            </param>
            <param index="4">
              <value>
                <![CDATA[chrome]]>
              </value>
            </param>
            <param index="5">
              <value>
                <![CDATA[30.0]]>
              </value>
            </param>
            <param index="6">
              <value>
                <![CDATA[https://www.youtube.com/]]>
              </value>
            </param>
          </params>
          <reporter-output>
          </reporter-output>
        </test-method> <!-- setUp -->
        <test-method status="PASS" signature="startExtent(java.lang.reflect.Method)[pri:0, instance:youtubeTests.SearchTester@458ad742]" name="startExtent" is-config="true" duration-ms="0" started-at="2019-03-31T06:52:31Z" finished-at="2019-03-31T06:52:31Z">
          <params>
            <param index="0">
              <value>
                <![CDATA[public void youtubeTests.SearchTester.enterElement3()]]>
              </value>
            </param>
          </params>
          <reporter-output>
          </reporter-output>
        </test-method> <!-- startExtent -->
        <test-method status="PASS" signature="initilizeSignUpPage()[pri:0, instance:youtubeTests.SearchTester@458ad742]" name="initilizeSignUpPage" is-config="true" duration-ms="1" started-at="2019-03-31T06:52:31Z" finished-at="2019-03-31T06:52:31Z">
          <reporter-output>
          </reporter-output>
        </test-method> <!-- initilizeSignUpPage -->
        <test-method status="PASS" signature="enterElement3()[pri:0, instance:youtubeTests.SearchTester@458ad742]" name="enterElement3" duration-ms="398" started-at="2019-03-31T06:52:31Z" finished-at="2019-03-31T06:52:32Z">
          <reporter-output>
          </reporter-output>
        </test-method> <!-- enterElement3 -->
        <test-method status="PASS" signature="afterEachTestMethod(org.testng.ITestResult)[pri:0, instance:youtubeTests.SearchTester@458ad742]" name="afterEachTestMethod" is-config="true" duration-ms="117" started-at="2019-03-31T06:52:32Z" finished-at="2019-03-31T06:52:32Z">
          <params>
            <param index="0">
              <value>
                <![CDATA[[TestResult name=enterElement3 status=SUCCESS method=SearchTester.enterElement3()[pri:0, instance:youtubeTests.SearchTester@458ad742] output={null}]]]>
              </value>
            </param>
          </params>
          <reporter-output>
          </reporter-output>
        </test-method> <!-- afterEachTestMethod -->
        <test-method status="PASS" signature="cleanUp()[pri:0, instance:youtubeTests.SearchTester@458ad742]" name="cleanUp" is-config="true" duration-ms="1" started-at="2019-03-31T06:52:32Z" finished-at="2019-03-31T06:52:32Z">
          <reporter-output>
          </reporter-output>
        </test-method> <!-- cleanUp -->
        <test-method status="PASS" signature="setUp(boolean, java.lang.String, java.lang.String, java.lang.String, java.lang.String, java.lang.String, java.lang.String)[pri:0, instance:youtubeTests.SearchTester@458ad742]" name="setUp" is-config="true" duration-ms="3183" started-at="2019-03-31T06:52:32Z" finished-at="2019-03-31T06:52:35Z">
          <params>
            <param index="0">
              <value>
                <![CDATA[false]]>
              </value>
            </param>
            <param index="1">
              <value>
                <![CDATA[browserstack]]>
              </value>
            </param>
            <param index="2">
              <value>
                <![CDATA[OS X]]>
              </value>
            </param>
            <param index="3">
              <value>
                <![CDATA[Sierra]]>
              </value>
            </param>
            <param index="4">
              <value>
                <![CDATA[chrome]]>
              </value>
            </param>
            <param index="5">
              <value>
                <![CDATA[30.0]]>
              </value>
            </param>
            <param index="6">
              <value>
                <![CDATA[https://www.youtube.com/]]>
              </value>
            </param>
          </params>
          <reporter-output>
          </reporter-output>
        </test-method> <!-- setUp -->
        <test-method status="PASS" signature="initilizeSignUpPage()[pri:0, instance:youtubeTests.SearchTester@458ad742]" name="initilizeSignUpPage" is-config="true" duration-ms="0" started-at="2019-03-31T06:52:35Z" finished-at="2019-03-31T06:52:35Z">
          <reporter-output>
          </reporter-output>
        </test-method> <!-- initilizeSignUpPage -->
        <test-method status="PASS" signature="startExtent(java.lang.reflect.Method)[pri:0, instance:youtubeTests.SearchTester@458ad742]" name="startExtent" is-config="true" duration-ms="0" started-at="2019-03-31T06:52:35Z" finished-at="2019-03-31T06:52:35Z">
          <params>
            <param index="0">
              <value>
                <![CDATA[public void youtubeTests.SearchTester.enterElement4()]]>
              </value>
            </param>
          </params>
          <reporter-output>
          </reporter-output>
        </test-method> <!-- startExtent -->
        <test-method status="PASS" signature="enterElement4()[pri:0, instance:youtubeTests.SearchTester@458ad742]" name="enterElement4" duration-ms="379" started-at="2019-03-31T06:52:35Z" finished-at="2019-03-31T06:52:35Z">
          <reporter-output>
          </reporter-output>
        </test-method> <!-- enterElement4 -->
        <test-method status="PASS" signature="afterEachTestMethod(org.testng.ITestResult)[pri:0, instance:youtubeTests.SearchTester@458ad742]" name="afterEachTestMethod" is-config="true" duration-ms="111" started-at="2019-03-31T06:52:35Z" finished-at="2019-03-31T06:52:36Z">
          <params>
            <param index="0">
              <value>
                <![CDATA[[TestResult name=enterElement4 status=SUCCESS method=SearchTester.enterElement4()[pri:0, instance:youtubeTests.SearchTester@458ad742] output={null}]]]>
              </value>
            </param>
          </params>
          <reporter-output>
          </reporter-output>
        </test-method> <!-- afterEachTestMethod -->
        <test-method status="PASS" signature="cleanUp()[pri:0, instance:youtubeTests.SearchTester@458ad742]" name="cleanUp" is-config="true" duration-ms="0" started-at="2019-03-31T06:52:36Z" finished-at="2019-03-31T06:52:36Z">
          <reporter-output>
          </reporter-output>
        </test-method> <!-- cleanUp -->
        <test-method status="PASS" signature="setUp(boolean, java.lang.String, java.lang.String, java.lang.String, java.lang.String, java.lang.String, java.lang.String)[pri:0, instance:youtubeTests.SearchTester@458ad742]" name="setUp" is-config="true" duration-ms="3435" started-at="2019-03-31T06:52:36Z" finished-at="2019-03-31T06:52:39Z">
          <params>
            <param index="0">
              <value>
                <![CDATA[false]]>
              </value>
            </param>
            <param index="1">
              <value>
                <![CDATA[browserstack]]>
              </value>
            </param>
            <param index="2">
              <value>
                <![CDATA[OS X]]>
              </value>
            </param>
            <param index="3">
              <value>
                <![CDATA[Sierra]]>
              </value>
            </param>
            <param index="4">
              <value>
                <![CDATA[chrome]]>
              </value>
            </param>
            <param index="5">
              <value>
                <![CDATA[30.0]]>
              </value>
            </param>
            <param index="6">
              <value>
                <![CDATA[https://www.youtube.com/]]>
              </value>
            </param>
          </params>
          <reporter-output>
          </reporter-output>
        </test-method> <!-- setUp -->
        <test-method status="PASS" signature="enterElement5()[pri:0, instance:youtubeTests.SearchTester@458ad742]" name="enterElement5" duration-ms="559" started-at="2019-03-31T06:52:39Z" finished-at="2019-03-31T06:52:40Z">
          <reporter-output>
          </reporter-output>
        </test-method> <!-- enterElement5 -->
        <test-method status="PASS" signature="initilizeSignUpPage()[pri:0, instance:youtubeTests.SearchTester@458ad742]" name="initilizeSignUpPage" is-config="true" duration-ms="0" started-at="2019-03-31T06:52:39Z" finished-at="2019-03-31T06:52:39Z">
          <reporter-output>
          </reporter-output>
        </test-method> <!-- initilizeSignUpPage -->
        <test-method status="PASS" signature="startExtent(java.lang.reflect.Method)[pri:0, instance:youtubeTests.SearchTester@458ad742]" name="startExtent" is-config="true" duration-ms="0" started-at="2019-03-31T06:52:39Z" finished-at="2019-03-31T06:52:39Z">
          <params>
            <param index="0">
              <value>
                <![CDATA[public void youtubeTests.SearchTester.enterElement5()]]>
              </value>
            </param>
          </params>
          <reporter-output>
          </reporter-output>
        </test-method> <!-- startExtent -->
        <test-method status="PASS" signature="afterEachTestMethod(org.testng.ITestResult)[pri:0, instance:youtubeTests.SearchTester@458ad742]" name="afterEachTestMethod" is-config="true" duration-ms="115" started-at="2019-03-31T06:52:40Z" finished-at="2019-03-31T06:52:40Z">
          <params>
            <param index="0">
              <value>
                <![CDATA[[TestResult name=enterElement5 status=SUCCESS method=SearchTester.enterElement5()[pri:0, instance:youtubeTests.SearchTester@458ad742] output={null}]]]>
              </value>
            </param>
          </params>
          <reporter-output>
          </reporter-output>
        </test-method> <!-- afterEachTestMethod -->
        <test-method status="PASS" signature="cleanUp()[pri:0, instance:youtubeTests.SearchTester@458ad742]" name="cleanUp" is-config="true" duration-ms="0" started-at="2019-03-31T06:52:40Z" finished-at="2019-03-31T06:52:40Z">
          <reporter-output>
          </reporter-output>
        </test-method> <!-- cleanUp -->
      </class> <!-- youtubeTests.SearchTester -->
      <class name="youtubeTests.HomepageTester">
        <test-method status="PASS" signature="extentSetup(org.testng.ITestContext)[pri:0, instance:youtubeTests.HomepageTester@2344fc66]" name="extentSetup" is-config="true" duration-ms="111" started-at="2019-03-31T06:51:31Z" finished-at="2019-03-31T06:51:31Z">
          <params>
            <param index="0">
              <value>
                <![CDATA[org.testng.TestRunner@fa5f81c]]>
              </value>
            </param>
          </params>
          <reporter-output>
            <line>
              <![CDATA[Extent Report Directory/Users/muhtasimmahir/IdeaProjects/Group4ProjectWebAutomation/Youtube/target/surefire-reports/html]]>
            </line>
          </reporter-output>
        </test-method> <!-- extentSetup -->
        <test-method status="PASS" signature="setUp(boolean, java.lang.String, java.lang.String, java.lang.String, java.lang.String, java.lang.String, java.lang.String)[pri:0, instance:youtubeTests.HomepageTester@2344fc66]" name="setUp" is-config="true" duration-ms="3566" started-at="2019-03-31T06:51:31Z" finished-at="2019-03-31T06:51:34Z">
          <params>
            <param index="0">
              <value>
                <![CDATA[false]]>
              </value>
            </param>
            <param index="1">
              <value>
                <![CDATA[browserstack]]>
              </value>
            </param>
            <param index="2">
              <value>
                <![CDATA[OS X]]>
              </value>
            </param>
            <param index="3">
              <value>
                <![CDATA[Sierra]]>
              </value>
            </param>
            <param index="4">
              <value>
                <![CDATA[chrome]]>
              </value>
            </param>
            <param index="5">
              <value>
                <![CDATA[30.0]]>
              </value>
            </param>
            <param index="6">
              <value>
                <![CDATA[https://www.youtube.com/]]>
              </value>
            </param>
          </params>
          <reporter-output>
          </reporter-output>
        </test-method> <!-- setUp -->
        <test-method status="PASS" signature="startExtent(java.lang.reflect.Method)[pri:0, instance:youtubeTests.HomepageTester@2344fc66]" name="startExtent" is-config="true" duration-ms="3" started-at="2019-03-31T06:51:34Z" finished-at="2019-03-31T06:51:34Z">
          <params>
            <param index="0">
              <value>
                <![CDATA[public void youtubeTests.HomepageTester.VerifyTitle()]]>
              </value>
            </param>
          </params>
          <reporter-output>
          </reporter-output>
        </test-method> <!-- startExtent -->
        <test-method status="PASS" signature="initilizeHomePage()[pri:0, instance:youtubeTests.HomepageTester@2344fc66]" name="initilizeHomePage" is-config="true" duration-ms="19" started-at="2019-03-31T06:51:34Z" finished-at="2019-03-31T06:51:34Z">
          <reporter-output>
          </reporter-output>
        </test-method> <!-- initilizeHomePage -->
        <test-method status="PASS" signature="VerifyTitle()[pri:0, instance:youtubeTests.HomepageTester@2344fc66]" name="VerifyTitle" duration-ms="12" started-at="2019-03-31T06:51:34Z" finished-at="2019-03-31T06:51:34Z">
          <reporter-output>
          </reporter-output>
        </test-method> <!-- VerifyTitle -->
        <test-method status="PASS" signature="afterEachTestMethod(org.testng.ITestResult)[pri:0, instance:youtubeTests.HomepageTester@2344fc66]" name="afterEachTestMethod" is-config="true" duration-ms="324" started-at="2019-03-31T06:51:34Z" finished-at="2019-03-31T06:51:35Z">
          <params>
            <param index="0">
              <value>
                <![CDATA[[TestResult name=VerifyTitle status=SUCCESS method=HomepageTester.VerifyTitle()[pri:0, instance:youtubeTests.HomepageTester@2344fc66] output={null}]]]>
              </value>
            </param>
          </params>
          <reporter-output>
          </reporter-output>
        </test-method> <!-- afterEachTestMethod -->
        <test-method status="PASS" signature="cleanUp()[pri:0, instance:youtubeTests.HomepageTester@2344fc66]" name="cleanUp" is-config="true" duration-ms="1" started-at="2019-03-31T06:51:35Z" finished-at="2019-03-31T06:51:35Z">
          <reporter-output>
          </reporter-output>
        </test-method> <!-- cleanUp -->
        <test-method status="PASS" signature="setUp(boolean, java.lang.String, java.lang.String, java.lang.String, java.lang.String, java.lang.String, java.lang.String)[pri:0, instance:youtubeTests.HomepageTester@2344fc66]" name="setUp" is-config="true" duration-ms="3181" started-at="2019-03-31T06:51:35Z" finished-at="2019-03-31T06:51:38Z">
          <params>
            <param index="0">
              <value>
                <![CDATA[false]]>
              </value>
            </param>
            <param index="1">
              <value>
                <![CDATA[browserstack]]>
              </value>
            </param>
            <param index="2">
              <value>
                <![CDATA[OS X]]>
              </value>
            </param>
            <param index="3">
              <value>
                <![CDATA[Sierra]]>
              </value>
            </param>
            <param index="4">
              <value>
                <![CDATA[chrome]]>
              </value>
            </param>
            <param index="5">
              <value>
                <![CDATA[30.0]]>
              </value>
            </param>
            <param index="6">
              <value>
                <![CDATA[https://www.youtube.com/]]>
              </value>
            </param>
          </params>
          <reporter-output>
          </reporter-output>
        </test-method> <!-- setUp -->
        <test-method status="PASS" signature="initilizeHomePage()[pri:0, instance:youtubeTests.HomepageTester@2344fc66]" name="initilizeHomePage" is-config="true" duration-ms="1" started-at="2019-03-31T06:51:38Z" finished-at="2019-03-31T06:51:38Z">
          <reporter-output>
          </reporter-output>
        </test-method> <!-- initilizeHomePage -->
        <test-method status="PASS" signature="startExtent(java.lang.reflect.Method)[pri:0, instance:youtubeTests.HomepageTester@2344fc66]" name="startExtent" is-config="true" duration-ms="0" started-at="2019-03-31T06:51:38Z" finished-at="2019-03-31T06:51:38Z">
          <params>
            <param index="0">
              <value>
                <![CDATA[public void youtubeTests.HomepageTester.click360Video()]]>
              </value>
            </param>
          </params>
          <reporter-output>
          </reporter-output>
        </test-method> <!-- startExtent -->
        <test-method status="PASS" signature="click360Video()[pri:0, instance:youtubeTests.HomepageTester@2344fc66]" name="click360Video" duration-ms="631" started-at="2019-03-31T06:51:38Z" finished-at="2019-03-31T06:51:38Z">
          <reporter-output>
          </reporter-output>
        </test-method> <!-- click360Video -->
        <test-method status="PASS" signature="afterEachTestMethod(org.testng.ITestResult)[pri:0, instance:youtubeTests.HomepageTester@2344fc66]" name="afterEachTestMethod" is-config="true" duration-ms="118" started-at="2019-03-31T06:51:38Z" finished-at="2019-03-31T06:51:39Z">
          <params>
            <param index="0">
              <value>
                <![CDATA[[TestResult name=click360Video status=SUCCESS method=HomepageTester.click360Video()[pri:0, instance:youtubeTests.HomepageTester@2344fc66] output={null}]]]>
              </value>
            </param>
          </params>
          <reporter-output>
          </reporter-output>
        </test-method> <!-- afterEachTestMethod -->
        <test-method status="PASS" signature="cleanUp()[pri:0, instance:youtubeTests.HomepageTester@2344fc66]" name="cleanUp" is-config="true" duration-ms="0" started-at="2019-03-31T06:51:39Z" finished-at="2019-03-31T06:51:39Z">
          <reporter-output>
          </reporter-output>
        </test-method> <!-- cleanUp -->
        <test-method status="PASS" signature="setUp(boolean, java.lang.String, java.lang.String, java.lang.String, java.lang.String, java.lang.String, java.lang.String)[pri:0, instance:youtubeTests.HomepageTester@2344fc66]" name="setUp" is-config="true" duration-ms="2813" started-at="2019-03-31T06:51:39Z" finished-at="2019-03-31T06:51:41Z">
          <params>
            <param index="0">
              <value>
                <![CDATA[false]]>
              </value>
            </param>
            <param index="1">
              <value>
                <![CDATA[browserstack]]>
              </value>
            </param>
            <param index="2">
              <value>
                <![CDATA[OS X]]>
              </value>
            </param>
            <param index="3">
              <value>
                <![CDATA[Sierra]]>
              </value>
            </param>
            <param index="4">
              <value>
                <![CDATA[chrome]]>
              </value>
            </param>
            <param index="5">
              <value>
                <![CDATA[30.0]]>
              </value>
            </param>
            <param index="6">
              <value>
                <![CDATA[https://www.youtube.com/]]>
              </value>
            </param>
          </params>
          <reporter-output>
          </reporter-output>
        </test-method> <!-- setUp -->
        <test-method status="PASS" signature="initilizeHomePage()[pri:0, instance:youtubeTests.HomepageTester@2344fc66]" name="initilizeHomePage" is-config="true" duration-ms="0" started-at="2019-03-31T06:51:41Z" finished-at="2019-03-31T06:51:41Z">
          <reporter-output>
          </reporter-output>
        </test-method> <!-- initilizeHomePage -->
        <test-method status="PASS" signature="clickBrowseChannels()[pri:0, instance:youtubeTests.HomepageTester@2344fc66]" name="clickBrowseChannels" duration-ms="617" started-at="2019-03-31T06:51:41Z" finished-at="2019-03-31T06:51:42Z">
          <reporter-output>
          </reporter-output>
        </test-method> <!-- clickBrowseChannels -->
        <test-method status="PASS" signature="startExtent(java.lang.reflect.Method)[pri:0, instance:youtubeTests.HomepageTester@2344fc66]" name="startExtent" is-config="true" duration-ms="0" started-at="2019-03-31T06:51:41Z" finished-at="2019-03-31T06:51:41Z">
          <params>
            <param index="0">
              <value>
                <![CDATA[public void youtubeTests.HomepageTester.clickBrowseChannels()]]>
              </value>
            </param>
          </params>
          <reporter-output>
          </reporter-output>
        </test-method> <!-- startExtent -->
        <test-method status="PASS" signature="afterEachTestMethod(org.testng.ITestResult)[pri:0, instance:youtubeTests.HomepageTester@2344fc66]" name="afterEachTestMethod" is-config="true" duration-ms="113" started-at="2019-03-31T06:51:42Z" finished-at="2019-03-31T06:51:42Z">
          <params>
            <param index="0">
              <value>
                <![CDATA[[TestResult name=clickBrowseChannels status=SUCCESS method=HomepageTester.clickBrowseChannels()[pri:0, instance:youtubeTests.HomepageTester@2344fc66] output={null}]]]>
              </value>
            </param>
          </params>
          <reporter-output>
          </reporter-output>
        </test-method> <!-- afterEachTestMethod -->
        <test-method status="PASS" signature="setUp(boolean, java.lang.String, java.lang.String, java.lang.String, java.lang.String, java.lang.String, java.lang.String)[pri:0, instance:youtubeTests.HomepageTester@2344fc66]" name="setUp" is-config="true" duration-ms="2845" started-at="2019-03-31T06:51:42Z" finished-at="2019-03-31T06:51:45Z">
          <params>
            <param index="0">
              <value>
                <![CDATA[false]]>
              </value>
            </param>
            <param index="1">
              <value>
                <![CDATA[browserstack]]>
              </value>
            </param>
            <param index="2">
              <value>
                <![CDATA[OS X]]>
              </value>
            </param>
            <param index="3">
              <value>
                <![CDATA[Sierra]]>
              </value>
            </param>
            <param index="4">
              <value>
                <![CDATA[chrome]]>
              </value>
            </param>
            <param index="5">
              <value>
                <![CDATA[30.0]]>
              </value>
            </param>
            <param index="6">
              <value>
                <![CDATA[https://www.youtube.com/]]>
              </value>
            </param>
          </params>
          <reporter-output>
          </reporter-output>
        </test-method> <!-- setUp -->
        <test-method status="PASS" signature="cleanUp()[pri:0, instance:youtubeTests.HomepageTester@2344fc66]" name="cleanUp" is-config="true" duration-ms="0" started-at="2019-03-31T06:51:42Z" finished-at="2019-03-31T06:51:42Z">
          <reporter-output>
          </reporter-output>
        </test-method> <!-- cleanUp -->
        <test-method status="PASS" signature="initilizeHomePage()[pri:0, instance:youtubeTests.HomepageTester@2344fc66]" name="initilizeHomePage" is-config="true" duration-ms="1" started-at="2019-03-31T06:51:45Z" finished-at="2019-03-31T06:51:45Z">
          <reporter-output>
          </reporter-output>
        </test-method> <!-- initilizeHomePage -->
        <test-method status="PASS" signature="startExtent(java.lang.reflect.Method)[pri:0, instance:youtubeTests.HomepageTester@2344fc66]" name="startExtent" is-config="true" duration-ms="0" started-at="2019-03-31T06:51:45Z" finished-at="2019-03-31T06:51:45Z">
          <params>
            <param index="0">
              <value>
                <![CDATA[public void youtubeTests.HomepageTester.clickGaming()]]>
              </value>
            </param>
          </params>
          <reporter-output>
          </reporter-output>
        </test-method> <!-- startExtent -->
        <test-method status="PASS" signature="clickGaming()[pri:0, instance:youtubeTests.HomepageTester@2344fc66]" name="clickGaming" duration-ms="688" started-at="2019-03-31T06:51:45Z" finished-at="2019-03-31T06:51:46Z">
          <reporter-output>
          </reporter-output>
        </test-method> <!-- clickGaming -->
        <test-method status="PASS" signature="afterEachTestMethod(org.testng.ITestResult)[pri:0, instance:youtubeTests.HomepageTester@2344fc66]" name="afterEachTestMethod" is-config="true" duration-ms="125" started-at="2019-03-31T06:51:46Z" finished-at="2019-03-31T06:51:46Z">
          <params>
            <param index="0">
              <value>
                <![CDATA[[TestResult name=clickGaming status=SUCCESS method=HomepageTester.clickGaming()[pri:0, instance:youtubeTests.HomepageTester@2344fc66] output={null}]]]>
              </value>
            </param>
          </params>
          <reporter-output>
          </reporter-output>
        </test-method> <!-- afterEachTestMethod -->
        <test-method status="PASS" signature="setUp(boolean, java.lang.String, java.lang.String, java.lang.String, java.lang.String, java.lang.String, java.lang.String)[pri:0, instance:youtubeTests.HomepageTester@2344fc66]" name="setUp" is-config="true" duration-ms="3382" started-at="2019-03-31T06:51:46Z" finished-at="2019-03-31T06:51:49Z">
          <params>
            <param index="0">
              <value>
                <![CDATA[false]]>
              </value>
            </param>
            <param index="1">
              <value>
                <![CDATA[browserstack]]>
              </value>
            </param>
            <param index="2">
              <value>
                <![CDATA[OS X]]>
              </value>
            </param>
            <param index="3">
              <value>
                <![CDATA[Sierra]]>
              </value>
            </param>
            <param index="4">
              <value>
                <![CDATA[chrome]]>
              </value>
            </param>
            <param index="5">
              <value>
                <![CDATA[30.0]]>
              </value>
            </param>
            <param index="6">
              <value>
                <![CDATA[https://www.youtube.com/]]>
              </value>
            </param>
          </params>
          <reporter-output>
          </reporter-output>
        </test-method> <!-- setUp -->
        <test-method status="PASS" signature="cleanUp()[pri:0, instance:youtubeTests.HomepageTester@2344fc66]" name="cleanUp" is-config="true" duration-ms="0" started-at="2019-03-31T06:51:46Z" finished-at="2019-03-31T06:51:46Z">
          <reporter-output>
          </reporter-output>
        </test-method> <!-- cleanUp -->
        <test-method status="PASS" signature="initilizeHomePage()[pri:0, instance:youtubeTests.HomepageTester@2344fc66]" name="initilizeHomePage" is-config="true" duration-ms="1" started-at="2019-03-31T06:51:49Z" finished-at="2019-03-31T06:51:49Z">
          <reporter-output>
          </reporter-output>
        </test-method> <!-- initilizeHomePage -->
        <test-method status="PASS" signature="startExtent(java.lang.reflect.Method)[pri:0, instance:youtubeTests.HomepageTester@2344fc66]" name="startExtent" is-config="true" duration-ms="0" started-at="2019-03-31T06:51:49Z" finished-at="2019-03-31T06:51:49Z">
          <params>
            <param index="0">
              <value>
                <![CDATA[public void youtubeTests.HomepageTester.clickHistory()]]>
              </value>
            </param>
          </params>
          <reporter-output>
          </reporter-output>
        </test-method> <!-- startExtent -->
        <test-method status="PASS" signature="clickHistory()[pri:0, instance:youtubeTests.HomepageTester@2344fc66]" name="clickHistory" duration-ms="699" started-at="2019-03-31T06:51:49Z" finished-at="2019-03-31T06:51:50Z">
          <reporter-output>
          </reporter-output>
        </test-method> <!-- clickHistory -->
        <test-method status="PASS" signature="afterEachTestMethod(org.testng.ITestResult)[pri:0, instance:youtubeTests.HomepageTester@2344fc66]" name="afterEachTestMethod" is-config="true" duration-ms="118" started-at="2019-03-31T06:51:50Z" finished-at="2019-03-31T06:51:50Z">
          <params>
            <param index="0">
              <value>
                <![CDATA[[TestResult name=clickHistory status=SUCCESS method=HomepageTester.clickHistory()[pri:0, instance:youtubeTests.HomepageTester@2344fc66] output={null}]]]>
              </value>
            </param>
          </params>
          <reporter-output>
          </reporter-output>
        </test-method> <!-- afterEachTestMethod -->
        <test-method status="PASS" signature="cleanUp()[pri:0, instance:youtubeTests.HomepageTester@2344fc66]" name="cleanUp" is-config="true" duration-ms="0" started-at="2019-03-31T06:51:50Z" finished-at="2019-03-31T06:51:50Z">
          <reporter-output>
          </reporter-output>
        </test-method> <!-- cleanUp -->
        <test-method status="PASS" signature="setUp(boolean, java.lang.String, java.lang.String, java.lang.String, java.lang.String, java.lang.String, java.lang.String)[pri:0, instance:youtubeTests.HomepageTester@2344fc66]" name="setUp" is-config="true" duration-ms="3243" started-at="2019-03-31T06:51:50Z" finished-at="2019-03-31T06:51:53Z">
          <params>
            <param index="0">
              <value>
                <![CDATA[false]]>
              </value>
            </param>
            <param index="1">
              <value>
                <![CDATA[browserstack]]>
              </value>
            </param>
            <param index="2">
              <value>
                <![CDATA[OS X]]>
              </value>
            </param>
            <param index="3">
              <value>
                <![CDATA[Sierra]]>
              </value>
            </param>
            <param index="4">
              <value>
                <![CDATA[chrome]]>
              </value>
            </param>
            <param index="5">
              <value>
                <![CDATA[30.0]]>
              </value>
            </param>
            <param index="6">
              <value>
                <![CDATA[https://www.youtube.com/]]>
              </value>
            </param>
          </params>
          <reporter-output>
          </reporter-output>
        </test-method> <!-- setUp -->
        <test-method status="PASS" signature="initilizeHomePage()[pri:0, instance:youtubeTests.HomepageTester@2344fc66]" name="initilizeHomePage" is-config="true" duration-ms="1" started-at="2019-03-31T06:51:53Z" finished-at="2019-03-31T06:51:53Z">
          <reporter-output>
          </reporter-output>
        </test-method> <!-- initilizeHomePage -->
        <test-method status="PASS" signature="startExtent(java.lang.reflect.Method)[pri:0, instance:youtubeTests.HomepageTester@2344fc66]" name="startExtent" is-config="true" duration-ms="0" started-at="2019-03-31T06:51:53Z" finished-at="2019-03-31T06:51:53Z">
          <params>
            <param index="0">
              <value>
                <![CDATA[public void youtubeTests.HomepageTester.clickLive()]]>
              </value>
            </param>
          </params>
          <reporter-output>
          </reporter-output>
        </test-method> <!-- startExtent -->
        <test-method status="PASS" signature="clickLive()[pri:0, instance:youtubeTests.HomepageTester@2344fc66]" name="clickLive" duration-ms="636" started-at="2019-03-31T06:51:53Z" finished-at="2019-03-31T06:51:54Z">
          <reporter-output>
          </reporter-output>
        </test-method> <!-- clickLive -->
        <test-method status="PASS" signature="afterEachTestMethod(org.testng.ITestResult)[pri:0, instance:youtubeTests.HomepageTester@2344fc66]" name="afterEachTestMethod" is-config="true" duration-ms="116" started-at="2019-03-31T06:51:54Z" finished-at="2019-03-31T06:51:54Z">
          <params>
            <param index="0">
              <value>
                <![CDATA[[TestResult name=clickLive status=SUCCESS method=HomepageTester.clickLive()[pri:0, instance:youtubeTests.HomepageTester@2344fc66] output={null}]]]>
              </value>
            </param>
          </params>
          <reporter-output>
          </reporter-output>
        </test-method> <!-- afterEachTestMethod -->
        <test-method status="PASS" signature="cleanUp()[pri:0, instance:youtubeTests.HomepageTester@2344fc66]" name="cleanUp" is-config="true" duration-ms="0" started-at="2019-03-31T06:51:54Z" finished-at="2019-03-31T06:51:54Z">
          <reporter-output>
          </reporter-output>
        </test-method> <!-- cleanUp -->
        <test-method status="PASS" signature="setUp(boolean, java.lang.String, java.lang.String, java.lang.String, java.lang.String, java.lang.String, java.lang.String)[pri:0, instance:youtubeTests.HomepageTester@2344fc66]" name="setUp" is-config="true" duration-ms="2850" started-at="2019-03-31T06:51:54Z" finished-at="2019-03-31T06:51:57Z">
          <params>
            <param index="0">
              <value>
                <![CDATA[false]]>
              </value>
            </param>
            <param index="1">
              <value>
                <![CDATA[browserstack]]>
              </value>
            </param>
            <param index="2">
              <value>
                <![CDATA[OS X]]>
              </value>
            </param>
            <param index="3">
              <value>
                <![CDATA[Sierra]]>
              </value>
            </param>
            <param index="4">
              <value>
                <![CDATA[chrome]]>
              </value>
            </param>
            <param index="5">
              <value>
                <![CDATA[30.0]]>
              </value>
            </param>
            <param index="6">
              <value>
                <![CDATA[https://www.youtube.com/]]>
              </value>
            </param>
          </params>
          <reporter-output>
          </reporter-output>
        </test-method> <!-- setUp -->
        <test-method status="PASS" signature="initilizeHomePage()[pri:0, instance:youtubeTests.HomepageTester@2344fc66]" name="initilizeHomePage" is-config="true" duration-ms="1" started-at="2019-03-31T06:51:57Z" finished-at="2019-03-31T06:51:57Z">
          <reporter-output>
          </reporter-output>
        </test-method> <!-- initilizeHomePage -->
        <test-method status="PASS" signature="startExtent(java.lang.reflect.Method)[pri:0, instance:youtubeTests.HomepageTester@2344fc66]" name="startExtent" is-config="true" duration-ms="0" started-at="2019-03-31T06:51:57Z" finished-at="2019-03-31T06:51:57Z">
          <params>
            <param index="0">
              <value>
                <![CDATA[public void youtubeTests.HomepageTester.clickMovies()]]>
              </value>
            </param>
          </params>
          <reporter-output>
          </reporter-output>
        </test-method> <!-- startExtent -->
        <test-method status="PASS" signature="clickMovies()[pri:0, instance:youtubeTests.HomepageTester@2344fc66]" name="clickMovies" duration-ms="815" started-at="2019-03-31T06:51:57Z" finished-at="2019-03-31T06:51:58Z">
          <reporter-output>
          </reporter-output>
        </test-method> <!-- clickMovies -->
        <test-method status="PASS" signature="afterEachTestMethod(org.testng.ITestResult)[pri:0, instance:youtubeTests.HomepageTester@2344fc66]" name="afterEachTestMethod" is-config="true" duration-ms="110" started-at="2019-03-31T06:51:58Z" finished-at="2019-03-31T06:51:58Z">
          <params>
            <param index="0">
              <value>
                <![CDATA[[TestResult name=clickMovies status=SUCCESS method=HomepageTester.clickMovies()[pri:0, instance:youtubeTests.HomepageTester@2344fc66] output={null}]]]>
              </value>
            </param>
          </params>
          <reporter-output>
          </reporter-output>
        </test-method> <!-- afterEachTestMethod -->
        <test-method status="PASS" signature="setUp(boolean, java.lang.String, java.lang.String, java.lang.String, java.lang.String, java.lang.String, java.lang.String)[pri:0, instance:youtubeTests.HomepageTester@2344fc66]" name="setUp" is-config="true" duration-ms="3348" started-at="2019-03-31T06:51:58Z" finished-at="2019-03-31T06:52:01Z">
          <params>
            <param index="0">
              <value>
                <![CDATA[false]]>
              </value>
            </param>
            <param index="1">
              <value>
                <![CDATA[browserstack]]>
              </value>
            </param>
            <param index="2">
              <value>
                <![CDATA[OS X]]>
              </value>
            </param>
            <param index="3">
              <value>
                <![CDATA[Sierra]]>
              </value>
            </param>
            <param index="4">
              <value>
                <![CDATA[chrome]]>
              </value>
            </param>
            <param index="5">
              <value>
                <![CDATA[30.0]]>
              </value>
            </param>
            <param index="6">
              <value>
                <![CDATA[https://www.youtube.com/]]>
              </value>
            </param>
          </params>
          <reporter-output>
          </reporter-output>
        </test-method> <!-- setUp -->
        <test-method status="PASS" signature="cleanUp()[pri:0, instance:youtubeTests.HomepageTester@2344fc66]" name="cleanUp" is-config="true" duration-ms="0" started-at="2019-03-31T06:51:58Z" finished-at="2019-03-31T06:51:58Z">
          <reporter-output>
          </reporter-output>
        </test-method> <!-- cleanUp -->
        <test-method status="PASS" signature="startExtent(java.lang.reflect.Method)[pri:0, instance:youtubeTests.HomepageTester@2344fc66]" name="startExtent" is-config="true" duration-ms="1" started-at="2019-03-31T06:52:01Z" finished-at="2019-03-31T06:52:01Z">
          <params>
            <param index="0">
              <value>
                <![CDATA[public void youtubeTests.HomepageTester.clickMusic()]]>
              </value>
            </param>
          </params>
          <reporter-output>
          </reporter-output>
        </test-method> <!-- startExtent -->
        <test-method status="PASS" signature="clickMusic()[pri:0, instance:youtubeTests.HomepageTester@2344fc66]" name="clickMusic" duration-ms="595" started-at="2019-03-31T06:52:01Z" finished-at="2019-03-31T06:52:02Z">
          <reporter-output>
          </reporter-output>
        </test-method> <!-- clickMusic -->
        <test-method status="PASS" signature="initilizeHomePage()[pri:0, instance:youtubeTests.HomepageTester@2344fc66]" name="initilizeHomePage" is-config="true" duration-ms="0" started-at="2019-03-31T06:52:01Z" finished-at="2019-03-31T06:52:01Z">
          <reporter-output>
          </reporter-output>
        </test-method> <!-- initilizeHomePage -->
        <test-method status="PASS" signature="afterEachTestMethod(org.testng.ITestResult)[pri:0, instance:youtubeTests.HomepageTester@2344fc66]" name="afterEachTestMethod" is-config="true" duration-ms="110" started-at="2019-03-31T06:52:02Z" finished-at="2019-03-31T06:52:02Z">
          <params>
            <param index="0">
              <value>
                <![CDATA[[TestResult name=clickMusic status=SUCCESS method=HomepageTester.clickMusic()[pri:0, instance:youtubeTests.HomepageTester@2344fc66] output={null}]]]>
              </value>
            </param>
          </params>
          <reporter-output>
          </reporter-output>
        </test-method> <!-- afterEachTestMethod -->
        <test-method status="PASS" signature="cleanUp()[pri:0, instance:youtubeTests.HomepageTester@2344fc66]" name="cleanUp" is-config="true" duration-ms="0" started-at="2019-03-31T06:52:02Z" finished-at="2019-03-31T06:52:02Z">
          <reporter-output>
          </reporter-output>
        </test-method> <!-- cleanUp -->
        <test-method status="PASS" signature="setUp(boolean, java.lang.String, java.lang.String, java.lang.String, java.lang.String, java.lang.String, java.lang.String)[pri:0, instance:youtubeTests.HomepageTester@2344fc66]" name="setUp" is-config="true" duration-ms="3195" started-at="2019-03-31T06:52:02Z" finished-at="2019-03-31T06:52:05Z">
          <params>
            <param index="0">
              <value>
                <![CDATA[false]]>
              </value>
            </param>
            <param index="1">
              <value>
                <![CDATA[browserstack]]>
              </value>
            </param>
            <param index="2">
              <value>
                <![CDATA[OS X]]>
              </value>
            </param>
            <param index="3">
              <value>
                <![CDATA[Sierra]]>
              </value>
            </param>
            <param index="4">
              <value>
                <![CDATA[chrome]]>
              </value>
            </param>
            <param index="5">
              <value>
                <![CDATA[30.0]]>
              </value>
            </param>
            <param index="6">
              <value>
                <![CDATA[https://www.youtube.com/]]>
              </value>
            </param>
          </params>
          <reporter-output>
          </reporter-output>
        </test-method> <!-- setUp -->
        <test-method status="PASS" signature="clickNews()[pri:0, instance:youtubeTests.HomepageTester@2344fc66]" name="clickNews" duration-ms="620" started-at="2019-03-31T06:52:05Z" finished-at="2019-03-31T06:52:06Z">
          <reporter-output>
          </reporter-output>
        </test-method> <!-- clickNews -->
        <test-method status="PASS" signature="startExtent(java.lang.reflect.Method)[pri:0, instance:youtubeTests.HomepageTester@2344fc66]" name="startExtent" is-config="true" duration-ms="0" started-at="2019-03-31T06:52:05Z" finished-at="2019-03-31T06:52:05Z">
          <params>
            <param index="0">
              <value>
                <![CDATA[public void youtubeTests.HomepageTester.clickNews()]]>
              </value>
            </param>
          </params>
          <reporter-output>
          </reporter-output>
        </test-method> <!-- startExtent -->
        <test-method status="PASS" signature="initilizeHomePage()[pri:0, instance:youtubeTests.HomepageTester@2344fc66]" name="initilizeHomePage" is-config="true" duration-ms="0" started-at="2019-03-31T06:52:05Z" finished-at="2019-03-31T06:52:05Z">
          <reporter-output>
          </reporter-output>
        </test-method> <!-- initilizeHomePage -->
        <test-method status="PASS" signature="afterEachTestMethod(org.testng.ITestResult)[pri:0, instance:youtubeTests.HomepageTester@2344fc66]" name="afterEachTestMethod" is-config="true" duration-ms="113" started-at="2019-03-31T06:52:06Z" finished-at="2019-03-31T06:52:06Z">
          <params>
            <param index="0">
              <value>
                <![CDATA[[TestResult name=clickNews status=SUCCESS method=HomepageTester.clickNews()[pri:0, instance:youtubeTests.HomepageTester@2344fc66] output={null}]]]>
              </value>
            </param>
          </params>
          <reporter-output>
          </reporter-output>
        </test-method> <!-- afterEachTestMethod -->
        <test-method status="PASS" signature="setUp(boolean, java.lang.String, java.lang.String, java.lang.String, java.lang.String, java.lang.String, java.lang.String)[pri:0, instance:youtubeTests.HomepageTester@2344fc66]" name="setUp" is-config="true" duration-ms="3117" started-at="2019-03-31T06:52:06Z" finished-at="2019-03-31T06:52:09Z">
          <params>
            <param index="0">
              <value>
                <![CDATA[false]]>
              </value>
            </param>
            <param index="1">
              <value>
                <![CDATA[browserstack]]>
              </value>
            </param>
            <param index="2">
              <value>
                <![CDATA[OS X]]>
              </value>
            </param>
            <param index="3">
              <value>
                <![CDATA[Sierra]]>
              </value>
            </param>
            <param index="4">
              <value>
                <![CDATA[chrome]]>
              </value>
            </param>
            <param index="5">
              <value>
                <![CDATA[30.0]]>
              </value>
            </param>
            <param index="6">
              <value>
                <![CDATA[https://www.youtube.com/]]>
              </value>
            </param>
          </params>
          <reporter-output>
          </reporter-output>
        </test-method> <!-- setUp -->
        <test-method status="PASS" signature="cleanUp()[pri:0, instance:youtubeTests.HomepageTester@2344fc66]" name="cleanUp" is-config="true" duration-ms="0" started-at="2019-03-31T06:52:06Z" finished-at="2019-03-31T06:52:06Z">
          <reporter-output>
          </reporter-output>
        </test-method> <!-- cleanUp -->
        <test-method status="PASS" signature="startExtent(java.lang.reflect.Method)[pri:0, instance:youtubeTests.HomepageTester@2344fc66]" name="startExtent" is-config="true" duration-ms="0" started-at="2019-03-31T06:52:09Z" finished-at="2019-03-31T06:52:09Z">
          <params>
            <param index="0">
              <value>
                <![CDATA[public void youtubeTests.HomepageTester.clickSports()]]>
              </value>
            </param>
          </params>
          <reporter-output>
          </reporter-output>
        </test-method> <!-- startExtent -->
        <test-method status="PASS" signature="initilizeHomePage()[pri:0, instance:youtubeTests.HomepageTester@2344fc66]" name="initilizeHomePage" is-config="true" duration-ms="1" started-at="2019-03-31T06:52:09Z" finished-at="2019-03-31T06:52:09Z">
          <reporter-output>
          </reporter-output>
        </test-method> <!-- initilizeHomePage -->
        <test-method status="PASS" signature="clickSports()[pri:0, instance:youtubeTests.HomepageTester@2344fc66]" name="clickSports" duration-ms="703" started-at="2019-03-31T06:52:09Z" finished-at="2019-03-31T06:52:10Z">
          <reporter-output>
          </reporter-output>
        </test-method> <!-- clickSports -->
        <test-method status="PASS" signature="afterEachTestMethod(org.testng.ITestResult)[pri:0, instance:youtubeTests.HomepageTester@2344fc66]" name="afterEachTestMethod" is-config="true" duration-ms="117" started-at="2019-03-31T06:52:10Z" finished-at="2019-03-31T06:52:10Z">
          <params>
            <param index="0">
              <value>
                <![CDATA[[TestResult name=clickSports status=SUCCESS method=HomepageTester.clickSports()[pri:0, instance:youtubeTests.HomepageTester@2344fc66] output={null}]]]>
              </value>
            </param>
          </params>
          <reporter-output>
          </reporter-output>
        </test-method> <!-- afterEachTestMethod -->
        <test-method status="PASS" signature="cleanUp()[pri:0, instance:youtubeTests.HomepageTester@2344fc66]" name="cleanUp" is-config="true" duration-ms="0" started-at="2019-03-31T06:52:10Z" finished-at="2019-03-31T06:52:10Z">
          <reporter-output>
          </reporter-output>
        </test-method> <!-- cleanUp -->
        <test-method status="PASS" signature="setUp(boolean, java.lang.String, java.lang.String, java.lang.String, java.lang.String, java.lang.String, java.lang.String)[pri:0, instance:youtubeTests.HomepageTester@2344fc66]" name="setUp" is-config="true" duration-ms="3065" started-at="2019-03-31T06:52:10Z" finished-at="2019-03-31T06:52:13Z">
          <params>
            <param index="0">
              <value>
                <![CDATA[false]]>
              </value>
            </param>
            <param index="1">
              <value>
                <![CDATA[browserstack]]>
              </value>
            </param>
            <param index="2">
              <value>
                <![CDATA[OS X]]>
              </value>
            </param>
            <param index="3">
              <value>
                <![CDATA[Sierra]]>
              </value>
            </param>
            <param index="4">
              <value>
                <![CDATA[chrome]]>
              </value>
            </param>
            <param index="5">
              <value>
                <![CDATA[30.0]]>
              </value>
            </param>
            <param index="6">
              <value>
                <![CDATA[https://www.youtube.com/]]>
              </value>
            </param>
          </params>
          <reporter-output>
          </reporter-output>
        </test-method> <!-- setUp -->
        <test-method status="PASS" signature="initilizeHomePage()[pri:0, instance:youtubeTests.HomepageTester@2344fc66]" name="initilizeHomePage" is-config="true" duration-ms="1" started-at="2019-03-31T06:52:13Z" finished-at="2019-03-31T06:52:13Z">
          <reporter-output>
          </reporter-output>
        </test-method> <!-- initilizeHomePage -->
        <test-method status="PASS" signature="startExtent(java.lang.reflect.Method)[pri:0, instance:youtubeTests.HomepageTester@2344fc66]" name="startExtent" is-config="true" duration-ms="0" started-at="2019-03-31T06:52:13Z" finished-at="2019-03-31T06:52:13Z">
          <params>
            <param index="0">
              <value>
                <![CDATA[public void youtubeTests.HomepageTester.clickSpotlight()]]>
              </value>
            </param>
          </params>
          <reporter-output>
          </reporter-output>
        </test-method> <!-- startExtent -->
        <test-method status="PASS" signature="clickSpotlight()[pri:0, instance:youtubeTests.HomepageTester@2344fc66]" name="clickSpotlight" duration-ms="750" started-at="2019-03-31T06:52:13Z" finished-at="2019-03-31T06:52:13Z">
          <reporter-output>
          </reporter-output>
        </test-method> <!-- clickSpotlight -->
        <test-method status="PASS" signature="afterEachTestMethod(org.testng.ITestResult)[pri:0, instance:youtubeTests.HomepageTester@2344fc66]" name="afterEachTestMethod" is-config="true" duration-ms="112" started-at="2019-03-31T06:52:13Z" finished-at="2019-03-31T06:52:14Z">
          <params>
            <param index="0">
              <value>
                <![CDATA[[TestResult name=clickSpotlight status=SUCCESS method=HomepageTester.clickSpotlight()[pri:0, instance:youtubeTests.HomepageTester@2344fc66] output={null}]]]>
              </value>
            </param>
          </params>
          <reporter-output>
          </reporter-output>
        </test-method> <!-- afterEachTestMethod -->
        <test-method status="PASS" signature="cleanUp()[pri:0, instance:youtubeTests.HomepageTester@2344fc66]" name="cleanUp" is-config="true" duration-ms="0" started-at="2019-03-31T06:52:14Z" finished-at="2019-03-31T06:52:14Z">
          <reporter-output>
          </reporter-output>
        </test-method> <!-- cleanUp -->
        <test-method status="PASS" signature="setUp(boolean, java.lang.String, java.lang.String, java.lang.String, java.lang.String, java.lang.String, java.lang.String)[pri:0, instance:youtubeTests.HomepageTester@2344fc66]" name="setUp" is-config="true" duration-ms="2745" started-at="2019-03-31T06:52:14Z" finished-at="2019-03-31T06:52:16Z">
          <params>
            <param index="0">
              <value>
                <![CDATA[false]]>
              </value>
            </param>
            <param index="1">
              <value>
                <![CDATA[browserstack]]>
              </value>
            </param>
            <param index="2">
              <value>
                <![CDATA[OS X]]>
              </value>
            </param>
            <param index="3">
              <value>
                <![CDATA[Sierra]]>
              </value>
            </param>
            <param index="4">
              <value>
                <![CDATA[chrome]]>
              </value>
            </param>
            <param index="5">
              <value>
                <![CDATA[30.0]]>
              </value>
            </param>
            <param index="6">
              <value>
                <![CDATA[https://www.youtube.com/]]>
              </value>
            </param>
          </params>
          <reporter-output>
          </reporter-output>
        </test-method> <!-- setUp -->
        <test-method status="PASS" signature="startExtent(java.lang.reflect.Method)[pri:0, instance:youtubeTests.HomepageTester@2344fc66]" name="startExtent" is-config="true" duration-ms="0" started-at="2019-03-31T06:52:16Z" finished-at="2019-03-31T06:52:16Z">
          <params>
            <param index="0">
              <value>
                <![CDATA[public void youtubeTests.HomepageTester.clickTrending()]]>
              </value>
            </param>
          </params>
          <reporter-output>
          </reporter-output>
        </test-method> <!-- startExtent -->
        <test-method status="PASS" signature="initilizeHomePage()[pri:0, instance:youtubeTests.HomepageTester@2344fc66]" name="initilizeHomePage" is-config="true" duration-ms="1" started-at="2019-03-31T06:52:16Z" finished-at="2019-03-31T06:52:16Z">
          <reporter-output>
          </reporter-output>
        </test-method> <!-- initilizeHomePage -->
        <test-method status="PASS" signature="clickTrending()[pri:0, instance:youtubeTests.HomepageTester@2344fc66]" name="clickTrending" duration-ms="750" started-at="2019-03-31T06:52:16Z" finished-at="2019-03-31T06:52:17Z">
          <reporter-output>
          </reporter-output>
        </test-method> <!-- clickTrending -->
        <test-method status="PASS" signature="afterEachTestMethod(org.testng.ITestResult)[pri:0, instance:youtubeTests.HomepageTester@2344fc66]" name="afterEachTestMethod" is-config="true" duration-ms="112" started-at="2019-03-31T06:52:17Z" finished-at="2019-03-31T06:52:17Z">
          <params>
            <param index="0">
              <value>
                <![CDATA[[TestResult name=clickTrending status=SUCCESS method=HomepageTester.clickTrending()[pri:0, instance:youtubeTests.HomepageTester@2344fc66] output={null}]]]>
              </value>
            </param>
          </params>
          <reporter-output>
          </reporter-output>
        </test-method> <!-- afterEachTestMethod -->
        <test-method status="PASS" signature="cleanUp()[pri:0, instance:youtubeTests.HomepageTester@2344fc66]" name="cleanUp" is-config="true" duration-ms="1" started-at="2019-03-31T06:52:17Z" finished-at="2019-03-31T06:52:17Z">
          <reporter-output>
          </reporter-output>
        </test-method> <!-- cleanUp -->
        <test-method status="PASS" signature="setUp(boolean, java.lang.String, java.lang.String, java.lang.String, java.lang.String, java.lang.String, java.lang.String)[pri:0, instance:youtubeTests.HomepageTester@2344fc66]" name="setUp" is-config="true" duration-ms="3246" started-at="2019-03-31T06:52:17Z" finished-at="2019-03-31T06:52:20Z">
          <params>
            <param index="0">
              <value>
                <![CDATA[false]]>
              </value>
            </param>
            <param index="1">
              <value>
                <![CDATA[browserstack]]>
              </value>
            </param>
            <param index="2">
              <value>
                <![CDATA[OS X]]>
              </value>
            </param>
            <param index="3">
              <value>
                <![CDATA[Sierra]]>
              </value>
            </param>
            <param index="4">
              <value>
                <![CDATA[chrome]]>
              </value>
            </param>
            <param index="5">
              <value>
                <![CDATA[30.0]]>
              </value>
            </param>
            <param index="6">
              <value>
                <![CDATA[https://www.youtube.com/]]>
              </value>
            </param>
          </params>
          <reporter-output>
          </reporter-output>
        </test-method> <!-- setUp -->
        <test-method status="PASS" signature="initilizeHomePage()[pri:0, instance:youtubeTests.HomepageTester@2344fc66]" name="initilizeHomePage" is-config="true" duration-ms="0" started-at="2019-03-31T06:52:20Z" finished-at="2019-03-31T06:52:20Z">
          <reporter-output>
          </reporter-output>
        </test-method> <!-- initilizeHomePage -->
        <test-method status="PASS" signature="startExtent(java.lang.reflect.Method)[pri:0, instance:youtubeTests.HomepageTester@2344fc66]" name="startExtent" is-config="true" duration-ms="0" started-at="2019-03-31T06:52:20Z" finished-at="2019-03-31T06:52:20Z">
          <params>
            <param index="0">
              <value>
                <![CDATA[public void youtubeTests.HomepageTester.clickTvShows()]]>
              </value>
            </param>
          </params>
          <reporter-output>
          </reporter-output>
        </test-method> <!-- startExtent -->
        <test-method status="PASS" signature="clickTvShows()[pri:0, instance:youtubeTests.HomepageTester@2344fc66]" name="clickTvShows" duration-ms="613" started-at="2019-03-31T06:52:20Z" finished-at="2019-03-31T06:52:21Z">
          <reporter-output>
          </reporter-output>
        </test-method> <!-- clickTvShows -->
        <test-method status="PASS" signature="afterEachTestMethod(org.testng.ITestResult)[pri:0, instance:youtubeTests.HomepageTester@2344fc66]" name="afterEachTestMethod" is-config="true" duration-ms="108" started-at="2019-03-31T06:52:21Z" finished-at="2019-03-31T06:52:21Z">
          <params>
            <param index="0">
              <value>
                <![CDATA[[TestResult name=clickTvShows status=SUCCESS method=HomepageTester.clickTvShows()[pri:0, instance:youtubeTests.HomepageTester@2344fc66] output={null}]]]>
              </value>
            </param>
          </params>
          <reporter-output>
          </reporter-output>
        </test-method> <!-- afterEachTestMethod -->
        <test-method status="PASS" signature="cleanUp()[pri:0, instance:youtubeTests.HomepageTester@2344fc66]" name="cleanUp" is-config="true" duration-ms="1" started-at="2019-03-31T06:52:21Z" finished-at="2019-03-31T06:52:21Z">
          <reporter-output>
          </reporter-output>
        </test-method> <!-- cleanUp -->
        <test-method status="PASS" signature="generateReport()[pri:0, instance:youtubeTests.HomepageTester@2344fc66]" name="generateReport" is-config="true" duration-ms="18" started-at="2019-03-31T06:52:50Z" finished-at="2019-03-31T06:52:50Z">
          <reporter-output>
          </reporter-output>
        </test-method> <!-- generateReport -->
      </class> <!-- youtubeTests.HomepageTester -->
      <class name="youtubeTests.ExcelSearchTester">
        <test-method status="PASS" signature="setUp(boolean, java.lang.String, java.lang.String, java.lang.String, java.lang.String, java.lang.String, java.lang.String)[pri:0, instance:youtubeTests.ExcelSearchTester@6ea12c19]" name="setUp" is-config="true" duration-ms="2865" started-at="2019-03-31T06:52:45Z" finished-at="2019-03-31T06:52:48Z">
          <params>
            <param index="0">
              <value>
                <![CDATA[false]]>
              </value>
            </param>
            <param index="1">
              <value>
                <![CDATA[browserstack]]>
              </value>
            </param>
            <param index="2">
              <value>
                <![CDATA[OS X]]>
              </value>
            </param>
            <param index="3">
              <value>
                <![CDATA[Sierra]]>
              </value>
            </param>
            <param index="4">
              <value>
                <![CDATA[chrome]]>
              </value>
            </param>
            <param index="5">
              <value>
                <![CDATA[30.0]]>
              </value>
            </param>
            <param index="6">
              <value>
                <![CDATA[https://www.youtube.com/]]>
              </value>
            </param>
          </params>
          <reporter-output>
          </reporter-output>
        </test-method> <!-- setUp -->
        <test-method status="PASS" signature="startExtent(java.lang.reflect.Method)[pri:0, instance:youtubeTests.ExcelSearchTester@6ea12c19]" name="startExtent" is-config="true" duration-ms="0" started-at="2019-03-31T06:52:48Z" finished-at="2019-03-31T06:52:48Z">
          <params>
            <param index="0">
              <value>
                <![CDATA[public void youtubeTests.ExcelSearchTester.search() throws java.lang.Exception,java.io.IOException,java.sql.SQLException,java.lang.ClassNotFoundException]]>
              </value>
            </param>
          </params>
          <reporter-output>
          </reporter-output>
        </test-method> <!-- startExtent -->
        <test-method status="PASS" signature="search()[pri:0, instance:youtubeTests.ExcelSearchTester@6ea12c19]" name="search" duration-ms="1757" started-at="2019-03-31T06:52:48Z" finished-at="2019-03-31T06:52:50Z">
          <reporter-output>
            <line>
              <![CDATA[Browser is launching]]>
            </line>
            <line>
              <![CDATA[ExcelSearchTester: search]]>
            </line>
            <line>
              <![CDATA[SearchWithExcel: expected Web Element]]>
            </line>
            <line>
              <![CDATA[SearchUsingDb: search For Soccer]]>
            </line>
            <line>
              <![CDATA[SearchUsingDb: get Search Input Web Element]]>
            </line>
            <line>
              <![CDATA[SearchUsingDb: submit Search Button]]>
            </line>
            <line>
              <![CDATA[SearchUsingDb: get Submit Button Web Element]]>
            </line>
            <line>
              <![CDATA[SearchUsingDb: clear Input]]>
            </line>
            <line>
              <![CDATA[SearchUsingDb: get Search Input Web Element]]>
            </line>
            <line>
              <![CDATA[SearchUsingDb: search For Ghost Stories]]>
            </line>
            <line>
              <![CDATA[SearchUsingDb: get Search Input Web Element]]>
            </line>
            <line>
              <![CDATA[SearchUsingDb: submit Search Button]]>
            </line>
            <line>
              <![CDATA[SearchUsingDb: get Submit Button Web Element]]>
            </line>
            <line>
              <![CDATA[SearchUsingDb: clear Input]]>
            </line>
            <line>
              <![CDATA[SearchUsingDb: get Search Input Web Element]]>
            </line>
            <line>
              <![CDATA[SearchUsingDb: search For Fortnite]]>
            </line>
            <line>
              <![CDATA[SearchUsingDb: get Search Input Web Element]]>
            </line>
            <line>
              <![CDATA[SearchUsingDb: submit Search Button]]>
            </line>
            <line>
              <![CDATA[SearchUsingDb: get Submit Button Web Element]]>
            </line>
            <line>
              <![CDATA[SearchUsingDb: clear Input]]>
            </line>
            <line>
              <![CDATA[SearchUsingDb: get Search Input Web Element]]>
            </line>
            <line>
              <![CDATA[SearchUsingDb: search For Fast and furious ]]>
            </line>
            <line>
              <![CDATA[SearchUsingDb: get Search Input Web Element]]>
            </line>
            <line>
              <![CDATA[SearchUsingDb: submit Search Button]]>
            </line>
            <line>
              <![CDATA[SearchUsingDb: get Submit Button Web Element]]>
            </line>
            <line>
              <![CDATA[SearchUsingDb: clear Input]]>
            </line>
            <line>
              <![CDATA[SearchUsingDb: get Search Input Web Element]]>
            </line>
            <line>
              <![CDATA[SearchUsingDb: search For How to code]]>
            </line>
            <line>
              <![CDATA[SearchUsingDb: get Search Input Web Element]]>
            </line>
            <line>
              <![CDATA[SearchUsingDb: submit Search Button]]>
            </line>
            <line>
              <![CDATA[SearchUsingDb: get Submit Button Web Element]]>
            </line>
            <line>
              <![CDATA[SearchUsingDb: clear Input]]>
            </line>
            <line>
              <![CDATA[SearchUsingDb: get Search Input Web Element]]>
            </line>
          </reporter-output>
        </test-method> <!-- search -->
        <test-method status="PASS" signature="afterEachTestMethod(org.testng.ITestResult)[pri:0, instance:youtubeTests.ExcelSearchTester@6ea12c19]" name="afterEachTestMethod" is-config="true" duration-ms="107" started-at="2019-03-31T06:52:50Z" finished-at="2019-03-31T06:52:50Z">
          <params>
            <param index="0">
              <value>
                <![CDATA[[TestResult name=search status=SUCCESS method=ExcelSearchTester.search()[pri:0, instance:youtubeTests.ExcelSearchTester@6ea12c19] output=Browser is launching]]]>
              </value>
            </param>
          </params>
          <reporter-output>
          </reporter-output>
        </test-method> <!-- afterEachTestMethod -->
        <test-method status="PASS" signature="cleanUp()[pri:0, instance:youtubeTests.ExcelSearchTester@6ea12c19]" name="cleanUp" is-config="true" duration-ms="0" started-at="2019-03-31T06:52:50Z" finished-at="2019-03-31T06:52:50Z">
          <reporter-output>
          </reporter-output>
        </test-method> <!-- cleanUp -->
      </class> <!-- youtubeTests.ExcelSearchTester -->
      <class name="youtubeTests.SearchUsingDbTester">
        <test-method status="PASS" signature="setUp(boolean, java.lang.String, java.lang.String, java.lang.String, java.lang.String, java.lang.String, java.lang.String)[pri:0, instance:youtubeTests.SearchUsingDbTester@5afa04c]" name="setUp" is-config="true" duration-ms="3082" started-at="2019-03-31T06:52:40Z" finished-at="2019-03-31T06:52:43Z">
          <params>
            <param index="0">
              <value>
                <![CDATA[false]]>
              </value>
            </param>
            <param index="1">
              <value>
                <![CDATA[browserstack]]>
              </value>
            </param>
            <param index="2">
              <value>
                <![CDATA[OS X]]>
              </value>
            </param>
            <param index="3">
              <value>
                <![CDATA[Sierra]]>
              </value>
            </param>
            <param index="4">
              <value>
                <![CDATA[chrome]]>
              </value>
            </param>
            <param index="5">
              <value>
                <![CDATA[30.0]]>
              </value>
            </param>
            <param index="6">
              <value>
                <![CDATA[https://www.youtube.com/]]>
              </value>
            </param>
          </params>
          <reporter-output>
          </reporter-output>
        </test-method> <!-- setUp -->
        <test-method status="PASS" signature="search()[pri:0, instance:youtubeTests.SearchUsingDbTester@5afa04c]" name="search" duration-ms="2464" started-at="2019-03-31T06:52:43Z" finished-at="2019-03-31T06:52:45Z">
          <reporter-output>
            <line>
              <![CDATA[Browser is launching]]>
            </line>
            <line>
              <![CDATA[SearchUsingDbTester: search]]>
            </line>
            <line>
              <![CDATA[SearchUsingDb: search Items And Submit Button]]>
            </line>
            <line>
              <![CDATA[DbSearch: get User Datafrom DB]]>
            </line>
            <line>
              <![CDATA[SearchUsingDb: search For Music]]>
            </line>
            <line>
              <![CDATA[SearchUsingDb: get Search Input Web Element]]>
            </line>
            <line>
              <![CDATA[SearchUsingDb: submit Search Button]]>
            </line>
            <line>
              <![CDATA[SearchUsingDb: get Submit Button Web Element]]>
            </line>
            <line>
              <![CDATA[SearchUsingDb: item Found On Search Music]]>
            </line>
            <line>
              <![CDATA[SearchUsingDb: clear Input]]>
            </line>
            <line>
              <![CDATA[SearchUsingDb: get Search Input Web Element]]>
            </line>
            <line>
              <![CDATA[SearchUsingDb: search For FIFA]]>
            </line>
            <line>
              <![CDATA[SearchUsingDb: get Search Input Web Element]]>
            </line>
            <line>
              <![CDATA[SearchUsingDb: submit Search Button]]>
            </line>
            <line>
              <![CDATA[SearchUsingDb: get Submit Button Web Element]]>
            </line>
            <line>
              <![CDATA[SearchUsingDb: item Found On Search FIFA]]>
            </line>
            <line>
              <![CDATA[SearchUsingDb: clear Input]]>
            </line>
            <line>
              <![CDATA[SearchUsingDb: get Search Input Web Element]]>
            </line>
            <line>
              <![CDATA[SearchUsingDb: search For Java tutorials]]>
            </line>
            <line>
              <![CDATA[SearchUsingDb: get Search Input Web Element]]>
            </line>
            <line>
              <![CDATA[SearchUsingDb: submit Search Button]]>
            </line>
            <line>
              <![CDATA[SearchUsingDb: get Submit Button Web Element]]>
            </line>
            <line>
              <![CDATA[SearchUsingDb: item Found On Search Java tutorials]]>
            </line>
            <line>
              <![CDATA[SearchUsingDb: clear Input]]>
            </line>
            <line>
              <![CDATA[SearchUsingDb: get Search Input Web Element]]>
            </line>
            <line>
              <![CDATA[SearchUsingDb: search For How to make test case in selenium]]>
            </line>
            <line>
              <![CDATA[SearchUsingDb: get Search Input Web Element]]>
            </line>
            <line>
              <![CDATA[SearchUsingDb: submit Search Button]]>
            </line>
            <line>
              <![CDATA[SearchUsingDb: get Submit Button Web Element]]>
            </line>
            <line>
              <![CDATA[SearchUsingDb: item Found On Search How to make test case in selenium]]>
            </line>
            <line>
              <![CDATA[SearchUsingDb: clear Input]]>
            </line>
            <line>
              <![CDATA[SearchUsingDb: get Search Input Web Element]]>
            </line>
            <line>
              <![CDATA[SearchUsingDb: search For Cooking tutorial]]>
            </line>
            <line>
              <![CDATA[SearchUsingDb: get Search Input Web Element]]>
            </line>
            <line>
              <![CDATA[SearchUsingDb: submit Search Button]]>
            </line>
            <line>
              <![CDATA[SearchUsingDb: get Submit Button Web Element]]>
            </line>
            <line>
              <![CDATA[SearchUsingDb: item Found On Search Cooking tutorial]]>
            </line>
            <line>
              <![CDATA[SearchUsingDb: clear Input]]>
            </line>
            <line>
              <![CDATA[SearchUsingDb: get Search Input Web Element]]>
            </line>
            <line>
              <![CDATA[SearchUsingDb: search For Help with math]]>
            </line>
            <line>
              <![CDATA[SearchUsingDb: get Search Input Web Element]]>
            </line>
            <line>
              <![CDATA[SearchUsingDb: submit Search Button]]>
            </line>
            <line>
              <![CDATA[SearchUsingDb: get Submit Button Web Element]]>
            </line>
            <line>
              <![CDATA[SearchUsingDb: item Found On Search Help with math]]>
            </line>
            <line>
              <![CDATA[SearchUsingDb: clear Input]]>
            </line>
            <line>
              <![CDATA[SearchUsingDb: get Search Input Web Element]]>
            </line>
          </reporter-output>
        </test-method> <!-- search -->
        <test-method status="PASS" signature="startExtent(java.lang.reflect.Method)[pri:0, instance:youtubeTests.SearchUsingDbTester@5afa04c]" name="startExtent" is-config="true" duration-ms="0" started-at="2019-03-31T06:52:43Z" finished-at="2019-03-31T06:52:43Z">
          <params>
            <param index="0">
              <value>
                <![CDATA[public void youtubeTests.SearchUsingDbTester.search() throws java.lang.Exception,java.io.IOException,java.sql.SQLException,java.lang.ClassNotFoundException]]>
              </value>
            </param>
          </params>
          <reporter-output>
          </reporter-output>
        </test-method> <!-- startExtent -->
        <test-method status="PASS" signature="afterEachTestMethod(org.testng.ITestResult)[pri:0, instance:youtubeTests.SearchUsingDbTester@5afa04c]" name="afterEachTestMethod" is-config="true" duration-ms="117" started-at="2019-03-31T06:52:45Z" finished-at="2019-03-31T06:52:45Z">
          <params>
            <param index="0">
              <value>
                <![CDATA[[TestResult name=search status=SUCCESS method=SearchUsingDbTester.search()[pri:0, instance:youtubeTests.SearchUsingDbTester@5afa04c] output=Browser is launching]]]>
              </value>
            </param>
          </params>
          <reporter-output>
          </reporter-output>
        </test-method> <!-- afterEachTestMethod -->
        <test-method status="PASS" signature="cleanUp()[pri:0, instance:youtubeTests.SearchUsingDbTester@5afa04c]" name="cleanUp" is-config="true" duration-ms="0" started-at="2019-03-31T06:52:45Z" finished-at="2019-03-31T06:52:45Z">
          <reporter-output>
          </reporter-output>
        </test-method> <!-- cleanUp -->
      </class> <!-- youtubeTests.SearchUsingDbTester -->
    </test> <!-- Youtube Home Page -->
  </suite> <!-- Amazon Automation Script  -->
</testng-results>
